Arguments: 
  /home/fastfist/.config/nvm/versions/node/v18.16.1/bin/node /home/fastfist/.config/nvm/versions/node/v18.16.1/bin/yarn init

PATH: 
  /home/fastfist/.config/nvm/versions/node/v18.16.1/bin:/home/fastfist/.cargo/bin:/usr/local/sbin:/usr/local/bin:/usr/bin:/usr/lib/jvm/default/bin:/usr/bin/site_perl:/usr/bin/vendor_perl:/usr/bin/core_perl:/home/fastfist/.scripts/cron:/home/fastfist/.scripts/hackerscripts:/home/fastfist/.scripts/wmcmds:/home/fastfist/.scripts/colors:/home/fastfist/.scripts/:/home/fastfist/.config/.foundry/bin:/home/fastfist/.config/.foundry/bin:/home/fastfist/.scripts/cron:/home/fastfist/.scripts/hackerscripts:/home/fastfist/.scripts/wmcmds:/home/fastfist/.scripts/colors:/home/fastfist/.scripts/:/home/fastfist/.config/.foundry/bin:/home/fastfist/.scripts/cron:/home/fastfist/.scripts/hackerscripts:/home/fastfist/.scripts/wmcmds:/home/fastfist/.scripts/colors:/home/fastfist/.scripts/

Yarn version: 
  1.22.19

Node version: 
  18.16.1

Platform: 
  linux x64

Trace: 
  Error: canceled
      at Interface.<anonymous> (/home/fastfist/.config/nvm/versions/node/v18.16.1/lib/node_modules/yarn/lib/cli.js:137150:13)
      at Interface.emit (node:events:513:28)
      at [_ttyWrite] [as _ttyWrite] (node:internal/readline/interface:1131:18)
      at ReadStream.onkeypress (node:internal/readline/interface:270:20)
      at ReadStream.emit (node:events:513:28)
      at emitKeys (node:internal/readline/utils:357:14)
      at emitKeys.next (<anonymous>)
      at ReadStream.onData (node:internal/readline/emitKeypressEvents:64:36)
      at ReadStream.emit (node:events:513:28)
      at addChunk (node:internal/streams/readable:324:12)

npm manifest: 
  No manifest

yarn manifest: 
  No manifest

Lockfile: 
  No lockfile
